<?xml version="1.0" encoding="UTF-8"?>
<!-- Generated by org.testng.reporters.JUnitReportReporter -->
<testsuite hostname="PRAGADEEESH" failures="0" tests="2" name="com.runner.IgnoreCase" time="0.014" errors="0" timestamp="2024-01-20T12:43:45 IST" skipped="1">
  <testcase classname="com.runner.IgnoreCase" name="browserLaunch" time="0.014"/>
  <system-out/>
  <testcase classname="com.runner.IgnoreCase" name="urlLaunch">
    <skipped/>
  </testcase> <!-- urlLaunch -->
  <system-out/>
</testsuite> <!-- com.runner.IgnoreCase -->
