<?xml version="1.0" encoding="UTF-8"?>
<!-- Generated by org.testng.reporters.JUnitReportReporter -->
<testsuite hostname="PRAGADEEESH" failures="0" tests="3" name="com.runner.Priority" time="0.020" errors="0" timestamp="2024-01-27T14:27:54 IST" skipped="0">
  <testcase classname="com.runner.Priority" name="Login" time="0.016"/>
  <system-out/>
  <testcase classname="com.runner.Priority" name="browserLaunch" time="0.002"/>
  <system-out/>
  <testcase classname="com.runner.Priority" name="urlLaunch" time="0.002"/>
  <system-out/>
</testsuite> <!-- com.runner.Priority -->
