<?xml version="1.0" encoding="UTF-8"?>
<!-- Generated by org.testng.reporters.JUnitReportReporter -->
<testsuite hostname="PRAGADEEESH" failures="0" tests="3" name="com.runner.SimpleAnnotations" time="0.019" errors="0" timestamp="2024-01-20T12:56:35 IST" skipped="0">
  <testcase classname="com.runner.SimpleAnnotations" name="kids" time="0.016"/>
  <system-out/>
  <testcase classname="com.runner.SimpleAnnotations" name="men" time="0.002"/>
  <system-out/>
  <testcase classname="com.runner.SimpleAnnotations" name="women" time="0.001"/>
  <system-out/>
</testsuite> <!-- com.runner.SimpleAnnotations -->
