<?xml version="1.0" encoding="UTF-8"?>
<!-- Generated by org.testng.reporters.JUnitReportReporter -->
<testsuite hostname="PRAGADEEESH" failures="0" tests="4" name="com.runner.InvocationCount" time="0.012" errors="0" timestamp="2024-01-20T13:03:19 IST" skipped="0">
  <testcase classname="com.runner.InvocationCount" name="browserLaunch" time="0.002"/>
  <system-out/>
  <testcase classname="com.runner.InvocationCount" name="urlLaunch" time="0.000"/>
  <system-out/>
  <testcase classname="com.runner.InvocationCount" name="browserLaunch" time="0.001"/>
  <system-out/>
  <testcase classname="com.runner.InvocationCount" name="Login" time="0.009"/>
  <system-out/>
</testsuite> <!-- com.runner.InvocationCount -->
